<?xml version="1.0" encoding="UTF-8"?>
<testng-results ignored="0" total="1" passed="1" failed="0" skipped="0">
  <reporter-output>
  </reporter-output>
  <suite started-at="2024-11-21T19:48:12 IST" name="BashWebSite" finished-at="2024-11-21T19:49:05 IST" duration-ms="53553">
    <groups>
    </groups>
    <test started-at="2024-11-21T19:48:12 IST" name="FirstTest" finished-at="2024-11-21T19:49:05 IST" duration-ms="53553">
      <class name="testScript.BashTS">
        <test-method is-config="true" signature="beforeSuite()[pri:0, instance:testScript.BashTS@36902638]" started-at="2024-11-21T19:48:11 IST" name="beforeSuite" finished-at="2024-11-21T19:48:12 IST" duration-ms="431" status="PASS">
          <reporter-output>
          </reporter-output>
        </test-method> <!-- beforeSuite -->
        <test-method is-config="true" signature="beforeClass()[pri:0, instance:testScript.BashTS@36902638]" started-at="2024-11-21T19:48:12 IST" name="beforeClass" finished-at="2024-11-21T19:48:26 IST" duration-ms="14335" status="PASS">
          <reporter-output>
          </reporter-output>
        </test-method> <!-- beforeClass -->
        <test-method is-config="true" signature="beforeMethod(java.lang.reflect.Method)[pri:0, instance:testScript.BashTS@36902638]" started-at="2024-11-21T19:48:26 IST" name="beforeMethod" finished-at="2024-11-21T19:48:26 IST" duration-ms="7" status="PASS">
          <params>
            <param index="0">
              <value>
                <![CDATA[public void testScript.BashTS.verifyBash001SearchProducts() throws java.lang.InterruptedException]]>
              </value>
            </param>
          </params>
          <reporter-output>
          </reporter-output>
        </test-method> <!-- beforeMethod -->
        <test-method signature="verifyBash001SearchProducts()[pri:0, instance:testScript.BashTS@36902638]" started-at="2024-11-21T19:48:26 IST" name="verifyBash001SearchProducts" finished-at="2024-11-21T19:49:04 IST" duration-ms="38207" status="PASS">
          <reporter-output>
          </reporter-output>
        </test-method> <!-- verifyBash001SearchProducts -->
        <test-method is-config="true" signature="afterMethod(java.lang.reflect.Method)[pri:0, instance:testScript.BashTS@36902638]" started-at="2024-11-21T19:49:04 IST" name="afterMethod" finished-at="2024-11-21T19:49:05 IST" duration-ms="575" status="PASS">
          <params>
            <param index="0">
              <value>
                <![CDATA[public void testScript.BashTS.verifyBash001SearchProducts() throws java.lang.InterruptedException]]>
              </value>
            </param>
          </params>
          <reporter-output>
          </reporter-output>
        </test-method> <!-- afterMethod -->
        <test-method is-config="true" signature="afterClass()[pri:0, instance:testScript.BashTS@36902638]" started-at="2024-11-21T19:49:05 IST" name="afterClass" finished-at="2024-11-21T19:49:05 IST" duration-ms="385" status="PASS">
          <reporter-output>
          </reporter-output>
        </test-method> <!-- afterClass -->
        <test-method is-config="true" signature="afterSuite()[pri:0, instance:testScript.BashTS@36902638]" started-at="2024-11-21T19:49:05 IST" name="afterSuite" finished-at="2024-11-21T19:49:05 IST" duration-ms="17" status="PASS">
          <reporter-output>
          </reporter-output>
        </test-method> <!-- afterSuite -->
      </class> <!-- testScript.BashTS -->
    </test> <!-- FirstTest -->
  </suite> <!-- BashWebSite -->
</testng-results>
